  Bullet.cpp
  circle.cpp
  cpoint.cpp
  Ctool.cpp
  Enemy.cpp
D:\HKV\CSLT\Project\Enemy.cpp(22,17): warning C4566: character represented by universal-character-name '\u00EC' cannot be represented in the current code page (1258)
D:\HKV\CSLT\Project\Enemy.cpp(22,17): warning C4566: character represented by universal-character-name '\u1EA5' cannot be represented in the current code page (1258)
D:\HKV\CSLT\Project\Enemy.cpp(22,17): warning C4566: character represented by universal-character-name '\u1EDD' cannot be represented in the current code page (1258)
D:\HKV\CSLT\Project\Enemy.cpp(44,17): warning C4566: character represented by universal-character-name '\u00EC' cannot be represented in the current code page (1258)
D:\HKV\CSLT\Project\Enemy.cpp(44,17): warning C4566: character represented by universal-character-name '\u1EE3' cannot be represented in the current code page (1258)
D:\HKV\CSLT\Project\Enemy.cpp(44,17): warning C4566: character represented by universal-character-name '\u1EEB' cannot be represented in the current code page (1258)
D:\HKV\CSLT\Project\Enemy.cpp(44,17): warning C4566: character represented by universal-character-name '\u1ECB' cannot be represented in the current code page (1258)
D:\HKV\CSLT\Project\Enemy.cpp(55,38): warning C4244: 'argument': conversion from 'T' to 'const short', possible loss of data
D:\HKV\CSLT\Project\Enemy.cpp(55,38): warning C4244:         with
D:\HKV\CSLT\Project\Enemy.cpp(55,38): warning C4244:         [
D:\HKV\CSLT\Project\Enemy.cpp(55,38): warning C4244:             T=float
D:\HKV\CSLT\Project\Enemy.cpp(55,38): warning C4244:         ]
D:\HKV\CSLT\Project\Enemy.cpp(55,26): warning C4244: 'argument': conversion from 'T' to 'const short', possible loss of data
D:\HKV\CSLT\Project\Enemy.cpp(55,26): warning C4244:         with
D:\HKV\CSLT\Project\Enemy.cpp(55,26): warning C4244:         [
D:\HKV\CSLT\Project\Enemy.cpp(55,26): warning C4244:             T=float
D:\HKV\CSLT\Project\Enemy.cpp(55,26): warning C4244:         ]
D:\HKV\CSLT\Project\Enemy.cpp(67,53): warning C4018: '>=': signed/unsigned mismatch
D:\HKV\CSLT\Project\Enemy.cpp(82,48): warning C4244: 'argument': conversion from 'int' to 'T', possible loss of data
D:\HKV\CSLT\Project\Enemy.cpp(82,48): warning C4244:         with
D:\HKV\CSLT\Project\Enemy.cpp(82,48): warning C4244:         [
D:\HKV\CSLT\Project\Enemy.cpp(82,48): warning C4244:             T=float
D:\HKV\CSLT\Project\Enemy.cpp(82,48): warning C4244:         ]
D:\HKV\CSLT\Project\Enemy.cpp(81,48): warning C4244: 'argument': conversion from 'int' to 'T', possible loss of data
D:\HKV\CSLT\Project\Enemy.cpp(81,48): warning C4244:         with
D:\HKV\CSLT\Project\Enemy.cpp(81,48): warning C4244:         [
D:\HKV\CSLT\Project\Enemy.cpp(81,48): warning C4244:             T=float
D:\HKV\CSLT\Project\Enemy.cpp(81,48): warning C4244:         ]
D:\HKV\CSLT\Project\Enemy.cpp(90,32): warning C4018: '>=': signed/unsigned mismatch
D:\HKV\CSLT\Project\Enemy.cpp(117,26): warning C4566: character represented by universal-character-name '\u1EC3' cannot be represented in the current code page (1258)
D:\HKV\CSLT\Project\Enemy.cpp(133,17): warning C4566: character represented by universal-character-name '\u1EC3' cannot be represented in the current code page (1258)
D:\HKV\CSLT\Project\Enemy.cpp(133,17): warning C4566: character represented by universal-character-name '\u1EDF' cannot be represented in the current code page (1258)
D:\HKV\CSLT\Project\Enemy.cpp(159,17): warning C4566: character represented by universal-character-name '\u00EC' cannot be represented in the current code page (1258)
D:\HKV\CSLT\Project\Enemy.cpp(159,17): warning C4566: character represented by universal-character-name '\u1EA5' cannot be represented in the current code page (1258)
D:\HKV\CSLT\Project\Enemy.cpp(159,17): warning C4566: character represented by universal-character-name '\u1EC3' cannot be represented in the current code page (1258)
D:\HKV\CSLT\Project\Enemy.cpp(159,17): warning C4566: character represented by universal-character-name '\u1EAF' cannot be represented in the current code page (1258)
D:\HKV\CSLT\Project\Enemy.cpp(159,17): warning C4566: character represented by universal-character-name '\u1EA7' cannot be represented in the current code page (1258)
D:\HKV\CSLT\Project\Enemy.cpp(170,17): warning C4566: character represented by universal-character-name '\u1EC3' cannot be represented in the current code page (1258)
D:\HKV\CSLT\Project\Enemy.cpp(170,17): warning C4566: character represented by universal-character-name '\u1EDF' cannot be represented in the current code page (1258)
D:\HKV\CSLT\Project\Enemy.cpp(199,17): warning C4566: character represented by universal-character-name '\u1ECB' cannot be represented in the current code page (1258)
D:\HKV\CSLT\Project\Enemy.cpp(199,17): warning C4566: character represented by universal-character-name '\u1EE3' cannot be represented in the current code page (1258)
D:\HKV\CSLT\Project\Enemy.cpp(199,17): warning C4566: character represented by universal-character-name '\u1EC7' cannot be represented in the current code page (1258)
D:\HKV\CSLT\Project\Enemy.cpp(235,22): warning C4566: character represented by universal-character-name '\u1EC3' cannot be represented in the current code page (1258)
D:\HKV\CSLT\Project\Enemy.cpp(235,22): warning C4566: character represented by universal-character-name '\u1EDF' cannot be represented in the current code page (1258)
D:\HKV\CSLT\Project\Enemy.cpp(250,22): warning C4566: character represented by universal-character-name '\u1ECB' cannot be represented in the current code page (1258)
D:\HKV\CSLT\Project\Enemy.cpp(250,22): warning C4566: character represented by universal-character-name '\u1EAF' cannot be represented in the current code page (1258)
D:\HKV\CSLT\Project\Enemy.cpp(250,22): warning C4566: character represented by universal-character-name '\u1EA7' cannot be represented in the current code page (1258)
D:\HKV\CSLT\Project\Enemy.cpp(250,22): warning C4566: character represented by universal-character-name '\u1EE3' cannot be represented in the current code page (1258)
D:\HKV\CSLT\Project\Enemy.cpp(250,22): warning C4566: character represented by universal-character-name '\u1EC7' cannot be represented in the current code page (1258)
D:\HKV\CSLT\Project\Enemy.cpp(353,30): warning C4244: 'argument': conversion from 'const T' to 'const short', possible loss of data
D:\HKV\CSLT\Project\Enemy.cpp(353,30): warning C4244:         with
D:\HKV\CSLT\Project\Enemy.cpp(353,30): warning C4244:         [
D:\HKV\CSLT\Project\Enemy.cpp(353,30): warning C4244:             T=float
D:\HKV\CSLT\Project\Enemy.cpp(353,30): warning C4244:         ]
D:\HKV\CSLT\Project\Enemy.cpp(354,30): warning C4244: 'argument': conversion from 'const T' to 'const short', possible loss of data
D:\HKV\CSLT\Project\Enemy.cpp(354,30): warning C4244:         with
D:\HKV\CSLT\Project\Enemy.cpp(354,30): warning C4244:         [
D:\HKV\CSLT\Project\Enemy.cpp(354,30): warning C4244:             T=float
D:\HKV\CSLT\Project\Enemy.cpp(354,30): warning C4244:         ]
  gamelogic.cpp
  GameRun.cpp
D:\HKV\CSLT\Project\GameRun.cpp(45,18): warning C4244: 'initializing': conversion from 'double' to 'float', possible loss of data
D:\HKV\CSLT\Project\GameRun.cpp(51,37): warning C4566: character represented by universal-character-name '\u1EC3' cannot be represented in the current code page (1258)
D:\HKV\CSLT\Project\GameRun.cpp(295,43): warning C4018: '<': signed/unsigned mismatch
D:\HKV\CSLT\Project\GameRun.cpp(445,30): warning C4566: character represented by universal-character-name '\u1EA5' cannot be represented in the current code page (1258)
D:\HKV\CSLT\Project\GameRun.cpp(445,30): warning C4566: character represented by universal-character-name '\u1EA1' cannot be represented in the current code page (1258)
D:\HKV\CSLT\Project\GameRun.cpp(445,30): warning C4566: character represented by universal-character-name '\u1EE3' cannot be represented in the current code page (1258)
D:\HKV\CSLT\Project\GameRun.cpp(501,28): warning C4018: '<': signed/unsigned mismatch
D:\HKV\CSLT\Project\GameRun.cpp(524,28): warning C4018: '<': signed/unsigned mismatch
D:\HKV\CSLT\Project\GameRun.cpp(547,28): warning C4018: '<': signed/unsigned mismatch
D:\HKV\CSLT\Project\GameRun.cpp(570,28): warning C4018: '<': signed/unsigned mismatch
D:\HKV\CSLT\Project\GameRun.cpp(654,22): warning C4566: character represented by universal-character-name '\u1EC3' cannot be represented in the current code page (1258)
D:\HKV\CSLT\Project\GameRun.cpp(1027,24): warning C4244: 'initializing': conversion from 'int' to 'float', possible loss of data
D:\HKV\CSLT\Project\GameRun.cpp(1333,26): warning C4566: character represented by universal-character-name '\u1EC3' cannot be represented in the current code page (1258)
D:\HKV\CSLT\Project\GameRun.cpp(1336,26): warning C4566: character represented by universal-character-name '\u1EC3' cannot be represented in the current code page (1258)
  Gold.cpp
  main.cpp
  map.cpp
D:\HKV\CSLT\Project\map.cpp(117,53): warning C4244: 'argument': conversion from 'int' to 'float', possible loss of data
D:\HKV\CSLT\Project\map.cpp(117,38): warning C4244: 'argument': conversion from 'int' to 'float', possible loss of data
D:\HKV\CSLT\Project\map.cpp(157,49): warning C4244: 'argument': conversion from 'int' to 'float', possible loss of data
D:\HKV\CSLT\Project\map.cpp(157,34): warning C4244: 'argument': conversion from 'int' to 'float', possible loss of data
D:\HKV\CSLT\Project\map.cpp(181,63): warning C4244: 'argument': conversion from 'int' to 'float', possible loss of data
D:\HKV\CSLT\Project\map.cpp(181,42): warning C4244: 'argument': conversion from 'int' to 'float', possible loss of data
D:\HKV\CSLT\Project\map.cpp(205,75): warning C4244: 'argument': conversion from 'int' to 'float', possible loss of data
D:\HKV\CSLT\Project\map.cpp(205,50): warning C4244: 'argument': conversion from 'int' to 'float', possible loss of data
D:\HKV\CSLT\Project\map.cpp(220,58): warning C4244: 'argument': conversion from 'int' to 'float', possible loss of data
D:\HKV\CSLT\Project\map.cpp(220,43): warning C4244: 'argument': conversion from 'int' to 'float', possible loss of data
D:\HKV\CSLT\Project\map.cpp(235,58): warning C4244: 'argument': conversion from 'int' to 'float', possible loss of data
D:\HKV\CSLT\Project\map.cpp(235,43): warning C4244: 'argument': conversion from 'int' to 'float', possible loss of data
D:\HKV\CSLT\Project\map.cpp(253,58): warning C4244: 'argument': conversion from 'int' to 'float', possible loss of data
D:\HKV\CSLT\Project\map.cpp(253,43): warning C4244: 'argument': conversion from 'int' to 'float', possible loss of data
D:\HKV\CSLT\Project\map.cpp(268,58): warning C4244: 'argument': conversion from 'int' to 'float', possible loss of data
D:\HKV\CSLT\Project\map.cpp(268,43): warning C4244: 'argument': conversion from 'int' to 'float', possible loss of data
D:\HKV\CSLT\Project\map.cpp(283,58): warning C4244: 'argument': conversion from 'int' to 'float', possible loss of data
D:\HKV\CSLT\Project\map.cpp(283,43): warning C4244: 'argument': conversion from 'int' to 'float', possible loss of data
D:\HKV\CSLT\Project\map.cpp(298,58): warning C4244: 'argument': conversion from 'int' to 'float', possible loss of data
D:\HKV\CSLT\Project\map.cpp(298,43): warning C4244: 'argument': conversion from 'int' to 'float', possible loss of data
D:\HKV\CSLT\Project\map.cpp(381,53): warning C4244: 'argument': conversion from 'int' to 'float', possible loss of data
D:\HKV\CSLT\Project\map.cpp(381,38): warning C4244: 'argument': conversion from 'int' to 'float', possible loss of data
  SoundManager.cpp
  tileset.cpp
  Tower.cpp
D:\HKV\CSLT\Project\Tower.cpp(10,49): warning C4244: 'argument': conversion from 'int' to 'float', possible loss of data
D:\HKV\CSLT\Project\Tower.cpp(10,30): warning C4244: 'argument': conversion from 'int' to 'float', possible loss of data
D:\HKV\CSLT\Project\Tower.cpp(28,49): warning C4244: 'argument': conversion from 'int' to 'float', possible loss of data
D:\HKV\CSLT\Project\Tower.cpp(28,30): warning C4244: 'argument': conversion from 'int' to 'float', possible loss of data
D:\HKV\CSLT\Project\Tower.cpp(49,53): warning C4244: 'argument': conversion from 'int' to 'float', possible loss of data
D:\HKV\CSLT\Project\Tower.cpp(49,34): warning C4244: 'argument': conversion from 'int' to 'float', possible loss of data
D:\HKV\CSLT\Project\Tower.cpp(153,41): warning C4244: 'argument': conversion from 'int' to 'float', possible loss of data
D:\HKV\CSLT\Project\Tower.cpp(153,26): warning C4244: 'argument': conversion from 'int' to 'float', possible loss of data
D:\HKV\CSLT\Project\Tower.cpp(154,80): warning C4244: 'argument': conversion from 'int' to 'float', possible loss of data
D:\HKV\CSLT\Project\Tower.cpp(154,49): warning C4244: 'argument': conversion from 'int' to 'float', possible loss of data
  VolumeSlider.cpp
  Generating Code...
  Project.vcxproj -> D:\HKV\CSLT\Project\Debug\Project.exe
